
> monotickets-platinum@0.0.0 start
> ng serve

[33m>[39m Building...
[32m√[39m Building...
[1mInitial chunk files[22m[2m | [22m[1mNames[22m                 [2m | [22m [1mRaw size[22m
[32mstyles.css[39m         [2m | [22m[2mstyles[22m                [2m | [22m[36m327.37 kB[39m[2m | [22m
[32mchunk-6RRV626W.js[39m  [2m | [22m[2m-[22m                     [2m | [22m [36m27.36 kB[39m[2m | [22m
[32mmain.js[39m            [2m | [22m[2mmain[22m                  [2m | [22m  [36m9.79 kB[39m[2m | [22m
[32mchunk-6MLGH4AU.js[39m  [2m | [22m[2m-[22m                     [2m | [22m  [36m3.33 kB[39m[2m | [22m
[32mchunk-CZJLB7T5.js[39m  [2m | [22m[2m-[22m                     [2m | [22m  [36m1.08 kB[39m[2m | [22m
[32mchunk-KF3KJCJK.js[39m  [2m | [22m[2m-[22m                     [2m | [22m[36m456 bytes[39m[2m | [22m

[1m [22m                  [2m | [22m[1mInitial total[22m         [2m | [22m[1m369.39 kB[22m

[1mLazy chunk files[22m   [2m | [22m[1mNames[22m                 [2m | [22m [1mRaw size[22m
[32mchunk-PQG56KBW.js[39m  [2m | [22m[2minvitations-list[22m      [2m | [22m [36m79.37 kB[39m[2m | [22m
[32mchunk-M4BD6AMI.js[39m  [2m | [22m[2mscans-panel[22m           [2m | [22m [36m45.29 kB[39m[2m | [22m
[32mchunk-7KC7HXWZ.js[39m  [2m | [22m[2mscan-history-component[22m[2m | [22m [36m41.81 kB[39m[2m | [22m
[32mchunk-KKKZQ64X.js[39m  [2m | [22m[2mqr-display[22m            [2m | [22m [36m38.32 kB[39m[2m | [22m
[32mchunk-D7TQMVQX.js[39m  [2m | [22m[2mdashboard[22m             [2m | [22m [36m37.27 kB[39m[2m | [22m
[32mchunk-WG3SDFUM.js[39m  [2m | [22m[2minvitation-landing[22m    [2m | [22m [36m36.80 kB[39m[2m | [22m
[32mchunk-5JV2UDHU.js[39m  [2m | [22m[2mscanner-component[22m     [2m | [22m [36m36.21 kB[39m[2m | [22m
[32mchunk-UESXSVHS.js[39m  [2m | [22m[2mguests-list[22m           [2m | [22m [36m34.65 kB[39m[2m | [22m
[32mchunk-LX2DJ75J.js[39m  [2m | [22m[2mevents-list[22m           [2m | [22m [36m33.69 kB[39m[2m | [22m
[32mchunk-J25TPXWK.js[39m  [2m | [22m[2mevent-detail[22m          [2m | [22m [36m33.03 kB[39m[2m | [22m
[32mchunk-RUIITEQ5.js[39m  [2m | [22m[2mrsvp-form[22m             [2m | [22m [36m32.55 kB[39m[2m | [22m
[32mchunk-QFAIZ5RM.js[39m  [2m | [22m[2mdashboard[22m             [2m | [22m [36m30.76 kB[39m[2m | [22m
[32mchunk-HRUSKWGZ.js[39m  [2m | [22m[2mevents-list[22m           [2m | [22m [36m28.10 kB[39m[2m | [22m
[32mchunk-3SIPAAGY.js[39m  [2m | [22m[2mguests-upload[22m         [2m | [22m [36m25.84 kB[39m[2m | [22m
[32mchunk-P3GQX35O.js[39m  [2m | [22m[2minvitations-generator[22m [2m | [22m [36m25.70 kB[39m[2m | [22m
[2m...and 13 more lazy chunks files. Use "--verbose" to show all the files.[22m

Application bundle generation complete. [6.850 seconds] - 2025-12-12T01:08:03.928Z

[1m[33m[33m▲ [43;33m[[43;30mWARNING[43;33m][0m [1mDeprecation[0m [1m[35m[plugin angular-sass][0m

    src/app/features/planner/delivery-panel/delivery-panel.scss:2:8:
[37m      2 │ @import [32m[37m'../../../styles/theme-variables';
        ╵         [32m^[0m


  Sass @import rules are deprecated and will be removed in Dart Sass 3.0.0.
  
  More info and automated migrator: [4mhttps://sass-lang.com/d/import[0m


[33m▲ [43;33m[[43;30mWARNING[43;33m][0m [1mDeprecation[0m [1m[35m[plugin angular-sass][0m

    src/app/features/planner/scans-panel/scans-panel.scss:2:8:
[37m      2 │ @import [32m[37m'../../../styles/theme-variables';
        ╵         [32m^[0m


  Sass @import rules are deprecated and will be removed in Dart Sass 3.0.0.
  
  More info and automated migrator: [4mhttps://sass-lang.com/d/import[0m


[33m▲ [43;33m[[43;30mWARNING[43;33m][0m [1mDeprecation[0m [1m[35m[plugin angular-sass][0m

    src/app/features/staff/scan-history/scan-history.component.scss:2:8:
[37m      2 │ @import [32m[37m'../../../styles/theme-variables';
        ╵         [32m^[0m


  Sass @import rules are deprecated and will be removed in Dart Sass 3.0.0.
  
  More info and automated migrator: [4mhttps://sass-lang.com/d/import[0m


[33m▲ [43;33m[[43;30mWARNING[43;33m][0m [1mDeprecation[0m [1m[35m[plugin angular-sass][0m

    src/app/features/staff/scanner/scanner.component.scss:2:8:
[37m      2 │ @import [32m[37m'../../../styles/theme-variables';
        ╵         [32m^[0m


  Sass @import rules are deprecated and will be removed in Dart Sass 3.0.0.
  
  More info and automated migrator: [4mhttps://sass-lang.com/d/import[0m


[33m▲ [43;33m[[43;30mWARNING[43;33m][0m [1mDeprecation[0m [1m[35m[plugin angular-sass][0m

    src/styles.scss:18:8:
[37m      18 │ @import [32m[37m'./app/styles/design-system.scss';
         ╵         [32m^[0m


  Sass @import rules are deprecated and will be removed in Dart Sass 3.0.0.
  
  More info and automated migrator: [4mhttps://sass-lang.com/d/import[0m

  The plugin "angular-sass" was triggered by this import

    angular:styles/global:styles:1:8:
[37m      1 │ @import [32m'src/styles.scss'[37m;
        ╵         [32m~~~~~~~~~~~~~~~~~[0m


[33m▲ [43;33m[[43;30mWARNING[43;33m][0m [1mDeprecation[0m [1m[35m[plugin angular-sass][0m

    src/styles.scss:21:8:
[37m      21 │ @import [32m[37m'./app/styles/icon-utilities.scss';
         ╵         [32m^[0m


  Sass @import rules are deprecated and will be removed in Dart Sass 3.0.0.
  
  More info and automated migrator: [4mhttps://sass-lang.com/d/import[0m

  The plugin "angular-sass" was triggered by this import

    angular:styles/global:styles:1:8:
[37m      1 │ @import [32m'src/styles.scss'[37m;
        ╵         [32m~~~~~~~~~~~~~~~~~[0m

[39m[22m
Watch mode enabled. Watching for file changes...
NOTE: Raw file sizes do not reflect development server per-request transformations.
  [32m➜[39m  [1mLocal[22m:   [36mhttp://localhost:[1m4200[22m/[39m
[2m[32m  ➜[39m[22m[2m  press [22m[1mh + enter[22m[2m to show help[22m
[33m>[39m Changes detected. Rebuilding...
[32m√[39m Changes detected. Rebuilding...
[1mInitial chunk files[22m[2m | [22m[1mNames[22m             [2m | [22m[1mRaw size[22m
[32mmain.js[39m            [2m | [22m[2mmain[22m              [2m | [22m [36m9.79 kB[39m[2m | [22m

[1mLazy chunk files[22m   [2m | [22m[1mNames[22m             [2m | [22m[1mRaw size[22m
[32mchunk-TSNHYG6R.js[39m  [2m | [22m[2minvitation-landing[22m[2m | [22m[36m39.53 kB[39m[2m | [22m

Application bundle generation complete. [2.719 seconds] - 2025-12-12T01:15:20.366Z

[1m[33m[33m▲ [43;33m[[43;30mWARNING[43;33m][0m [1mDeprecation[0m [1m[35m[plugin angular-sass][0m

    src/styles.scss:18:8:
[37m      18 │ @import [32m[37m'./app/styles/design-system.scss';
         ╵         [32m^[0m


  Sass @import rules are deprecated and will be removed in Dart Sass 3.0.0.
  
  More info and automated migrator: [4mhttps://sass-lang.com/d/import[0m

  The plugin "angular-sass" was triggered by this import

    angular:styles/global:styles:1:8:
[37m      1 │ @import [32m'src/styles.scss'[37m;
        ╵         [32m~~~~~~~~~~~~~~~~~[0m


[33m▲ [43;33m[[43;30mWARNING[43;33m][0m [1mDeprecation[0m [1m[35m[plugin angular-sass][0m

    src/styles.scss:21:8:
[37m      21 │ @import [32m[37m'./app/styles/icon-utilities.scss';
         ╵         [32m^[0m


  Sass @import rules are deprecated and will be removed in Dart Sass 3.0.0.
  
  More info and automated migrator: [4mhttps://sass-lang.com/d/import[0m

  The plugin "angular-sass" was triggered by this import

    angular:styles/global:styles:1:8:
[37m      1 │ @import [32m'src/styles.scss'[37m;
        ╵         [32m~~~~~~~~~~~~~~~~~[0m

[39m[22m
Component update sent to client(s).
[33m>[39m Changes detected. Rebuilding...
[32m√[39m Changes detected. Rebuilding...
[1mInitial chunk files[22m[2m | [22m[1mNames[22m             [2m | [22m[1mRaw size[22m
[32mmain.js[39m            [2m | [22m[2mmain[22m              [2m | [22m [36m9.79 kB[39m[2m | [22m

[1mLazy chunk files[22m   [2m | [22m[1mNames[22m             [2m | [22m[1mRaw size[22m
[32mchunk-UDQAF3NF.js[39m  [2m | [22m[2minvitation-landing[22m[2m | [22m[36m39.83 kB[39m[2m | [22m

Application bundle generation complete. [0.627 seconds] - 2025-12-12T01:19:03.591Z

[1m[33m[33m▲ [43;33m[[43;30mWARNING[43;33m][0m [1mDeprecation[0m [1m[35m[plugin angular-sass][0m

    src/styles.scss:18:8:
[37m      18 │ @import [32m[37m'./app/styles/design-system.scss';
         ╵         [32m^[0m


  Sass @import rules are deprecated and will be removed in Dart Sass 3.0.0.
  
  More info and automated migrator: [4mhttps://sass-lang.com/d/import[0m

  The plugin "angular-sass" was triggered by this import

    angular:styles/global:styles:1:8:
[37m      1 │ @import [32m'src/styles.scss'[37m;
        ╵         [32m~~~~~~~~~~~~~~~~~[0m


[33m▲ [43;33m[[43;30mWARNING[43;33m][0m [1mDeprecation[0m [1m[35m[plugin angular-sass][0m

    src/styles.scss:21:8:
[37m      21 │ @import [32m[37m'./app/styles/icon-utilities.scss';
         ╵         [32m^[0m


  Sass @import rules are deprecated and will be removed in Dart Sass 3.0.0.
  
  More info and automated migrator: [4mhttps://sass-lang.com/d/import[0m

  The plugin "angular-sass" was triggered by this import

    angular:styles/global:styles:1:8:
[37m      1 │ @import [32m'src/styles.scss'[37m;
        ╵         [32m~~~~~~~~~~~~~~~~~[0m

[39m[22m
Component update sent to client(s).
[33m>[39m Changes detected. Rebuilding...
[32m√[39m Changes detected. Rebuilding...
[1mInitial chunk files[22m[2m | [22m[1mNames[22m             [2m | [22m[1mRaw size[22m
[32mmain.js[39m            [2m | [22m[2mmain[22m              [2m | [22m [36m9.79 kB[39m[2m | [22m

[1mLazy chunk files[22m   [2m | [22m[1mNames[22m             [2m | [22m[1mRaw size[22m
[32mchunk-VMQFW5QY.js[39m  [2m | [22m[2minvitation-landing[22m[2m | [22m[36m39.83 kB[39m[2m | [22m
[32mchunk-7ONMVVWK.js[39m  [2m | [22m[2mqr-display[22m        [2m | [22m[36m38.32 kB[39m[2m | [22m
[32mchunk-U2QCWSFS.js[39m  [2m | [22m[2mrsvp-form[22m         [2m | [22m[36m32.55 kB[39m[2m | [22m
[32mchunk-PLABMPCK.js[39m  [2m | [22m[2m-[22m                 [2m | [22m [36m6.29 kB[39m[2m | [22m

Application bundle generation complete. [0.365 seconds] - 2025-12-12T01:20:11.764Z

[1m[33m[33m▲ [43;33m[[43;30mWARNING[43;33m][0m [1mDeprecation[0m [1m[35m[plugin angular-sass][0m

    src/styles.scss:18:8:
[37m      18 │ @import [32m[37m'./app/styles/design-system.scss';
         ╵         [32m^[0m


  Sass @import rules are deprecated and will be removed in Dart Sass 3.0.0.
  
  More info and automated migrator: [4mhttps://sass-lang.com/d/import[0m

  The plugin "angular-sass" was triggered by this import

    angular:styles/global:styles:1:8:
[37m      1 │ @import [32m'src/styles.scss'[37m;
        ╵         [32m~~~~~~~~~~~~~~~~~[0m


[33m▲ [43;33m[[43;30mWARNING[43;33m][0m [1mDeprecation[0m [1m[35m[plugin angular-sass][0m

    src/styles.scss:21:8:
[37m      21 │ @import [32m[37m'./app/styles/icon-utilities.scss';
         ╵         [32m^[0m


  Sass @import rules are deprecated and will be removed in Dart Sass 3.0.0.
  
  More info and automated migrator: [4mhttps://sass-lang.com/d/import[0m

  The plugin "angular-sass" was triggered by this import

    angular:styles/global:styles:1:8:
[37m      1 │ @import [32m'src/styles.scss'[37m;
        ╵         [32m~~~~~~~~~~~~~~~~~[0m

[39m[22m
Page reload sent to client(s).
